Log file open, 03/25/22 01:20:26
LogWindows: Failed to load 'aqProf.dll' (GetLastError=126)
LogWindows: File 'aqProf.dll' does not exist
LogWindows: Failed to load 'VtuneApi.dll' (GetLastError=126)
LogWindows: File 'VtuneApi.dll' does not exist
LogWindows: Failed to load 'VtuneApi32e.dll' (GetLastError=126)
LogWindows: File 'VtuneApi32e.dll' does not exist
LogConsoleResponse: Display: Failed to find resolution value strings in scalability ini. Falling back to default.
LogConsoleResponse: Display: Failed to find resolution value strings in scalability ini. Falling back to default.
LogPakFile: Display: Found Pak file ../../../IRAIRABirdman/Content/Paks/IRAIRABirdman-WindowsNoEditor.pak attempting to mount.
LogPakFile: Display: Mounting pak file ../../../IRAIRABirdman/Content/Paks/IRAIRABirdman-WindowsNoEditor.pak.
LogPakFile: PakFile PrimaryIndexSize=30094
LogPakFile: PakFile PathHashIndexSize=47319
LogPakFile: PakFile FullDirectoryIndexSize=62534
LogShaderLibrary: Display: ShaderCodeLibraryPakFileMountedCallback: PakFile '../../../IRAIRABirdman/Content/Paks/IRAIRABirdman-WindowsNoEditor.pak' (chunk index -1, root '../../../') mounted
LogShaderLibrary: Display: ShaderCodeLibraryPakFileMountedCallback: pending pak file info (ChunkID:-1 Root:../../../ File:../../../IRAIRABirdman/Content/Paks/IRAIRABirdman-WindowsNoEditor.pak)
LogPakFile: OnPakFileMounted2Time == 0.000031
LogPlatformFile: Not using cached read wrapper
LogTaskGraph: Started task graph with 5 named threads and 26 total threads with 3 sets of task threads.
LogStats: Stats thread started at 0.087294
LogICUInternationalization: ICU TimeZone Detection - Raw Offset: +9:00, Platform Override: ''
LogInit: Display: Loading text-based GConfig....
LogPluginManager: Mounting plugin Paper2D
LogPluginManager: Mounting plugin AISupport
LogPluginManager: Mounting plugin EnvironmentQueryEditor
LogPluginManager: Mounting plugin LightPropagationVolume
LogPluginManager: Mounting plugin CameraShakePreviewer
LogPluginManager: Mounting plugin GameplayCameras
LogPluginManager: Mounting plugin TemplateSequence
LogPluginManager: Mounting plugin LevelSequenceEditor
LogPluginManager: Mounting plugin OodleData
LogPluginManager: Mounting plugin OodleNetwork
LogPluginManager: Mounting plugin AnimationSharing
LogPluginManager: Mounting plugin SignificanceManager
LogPluginManager: Mounting plugin PixWinPlugin
LogPluginManager: Mounting plugin PluginUtils
LogPluginManager: Mounting plugin PropertyAccessEditor
LogPluginManager: Mounting plugin UObjectPlugin
LogPluginManager: Mounting plugin AssetManagerEditor
LogPluginManager: Mounting plugin FacialAnimation
LogPluginManager: Mounting plugin GeometryMode
LogPluginManager: Mounting plugin SpeedTreeImporter
LogPluginManager: Mounting plugin DatasmithContent
LogPluginManager: Mounting plugin VariantManagerContent
LogPluginManager: Mounting plugin AlembicImporter
LogPluginManager: Mounting plugin GeometryCache
LogPluginManager: Mounting plugin AutomationUtils
LogPluginManager: Mounting plugin ScreenshotTools
LogPluginManager: Mounting plugin BackChannel
LogPluginManager: Mounting plugin ChaosClothEditor
LogPluginManager: Mounting plugin ChaosCloth
LogPluginManager: Mounting plugin ChaosEditor
LogPluginManager: Mounting plugin PlanarCut
LogPluginManager: Mounting plugin GeometryProcessing
LogPluginManager: Mounting plugin EditableMesh
LogPluginManager: Mounting plugin GeometryCollectionPlugin
LogPluginManager: Mounting plugin ProceduralMeshComponent
LogPluginManager: Mounting plugin ChaosSolverPlugin
LogPluginManager: Mounting plugin ChaosNiagara
LogPluginManager: Mounting plugin Niagara
LogPluginManager: Mounting plugin PythonScriptPlugin
LogPluginManager: Mounting plugin CharacterAI
LogPluginManager: Mounting plugin MotoSynth
LogPluginManager: Mounting plugin OpenImageDenoise
LogPluginManager: Mounting plugin PlatformCrypto
LogPluginManager: Mounting plugin MagicLeapPassableWorld
LogPluginManager: Mounting plugin MagicLeap
LogPluginManager: Mounting plugin MLSDK
LogPluginManager: Mounting plugin MagicLeapLightEstimation
LogPluginManager: Mounting plugin AvfMedia
LogPluginManager: Mounting plugin ImgMedia
LogPluginManager: Mounting plugin MediaCompositing
LogPluginManager: Mounting plugin WmfMedia
LogPluginManager: Mounting plugin MeshPainting
LogPluginManager: Mounting plugin TcpMessaging
LogPluginManager: Mounting plugin UdpMessaging
LogPluginManager: Mounting plugin ActorSequence
LogPluginManager: Mounting plugin MatineeToLevelSequence
LogPluginManager: Mounting plugin OnlineSubsystemNull
LogPluginManager: Mounting plugin OnlineSubsystem
LogPluginManager: Mounting plugin OnlineSubsystemUtils
LogPluginManager: Mounting plugin LauncherChunkInstaller
LogPluginManager: Mounting plugin ActorLayerUtilities
LogPluginManager: Mounting plugin AndroidPermission
LogPluginManager: Mounting plugin AppleImageUtils
LogPluginManager: Mounting plugin ArchVisCharacter
LogPluginManager: Mounting plugin AssetTags
LogPluginManager: Mounting plugin AudioCapture
LogPluginManager: Mounting plugin CableComponent
LogPluginManager: Mounting plugin ChunkDownloader
LogPluginManager: Mounting plugin CustomMeshComponent
LogPluginManager: Mounting plugin ExampleDeviceProfileSelector
LogPluginManager: Mounting plugin GooglePAD
LogPluginManager: Mounting plugin LocationServicesBPLibrary
LogPluginManager: Mounting plugin MobilePatchingUtils
LogPluginManager: Mounting plugin OculusVR
LogPluginManager: Mounting plugin OpenXREyeTracker
LogPluginManager: Mounting plugin OpenXR
LogPluginManager: Mounting plugin OpenXRHandTracking
LogPluginManager: Mounting plugin LiveLink
LogPluginManager: Mounting plugin Takes
LogPluginManager: Mounting plugin PhysXVehicles
LogPluginManager: Mounting plugin RuntimePhysXCooking
LogPluginManager: Mounting plugin SoundFields
LogPluginManager: Mounting plugin SteamVR
LogPluginManager: Mounting plugin Synthesis
LogPluginManager: Mounting plugin AudioSynesthesia
LogPluginManager: Mounting plugin WebMMoviePlayer
LogPluginManager: Mounting plugin WebMMedia
LogPluginManager: Mounting plugin WindowsMoviePlayer
PixWinPlugin: PIX capture plugin failed to initialize! Check that the process is launched from PIX.
LogLuminAPIImpl: Warning: MLSDK not found.  This likely means the MLSDK environment variable is not set.
LogInit: Using libcurl 7.55.1-DEV
LogInit:  - built for x86_64-pc-win32
LogInit:  - supports SSL with OpenSSL/1.1.1
LogInit:  - supports HTTP deflate (compression) using libz 1.2.8
LogInit:  - other features:
LogInit:      CURL_VERSION_SSL
LogInit:      CURL_VERSION_LIBZ
LogInit:      CURL_VERSION_IPV6
LogInit:      CURL_VERSION_ASYNCHDNS
LogInit:      CURL_VERSION_LARGEFILE
LogInit:      CURL_VERSION_IDN
LogInit:  CurlRequestOptions (configurable via config and command line):
LogInit:  - bVerifyPeer = true  - Libcurl will verify peer certificate
LogInit:  - bUseHttpProxy = false  - Libcurl will NOT use HTTP proxy
LogInit:  - bDontReuseConnections = false  - Libcurl will reuse connections
LogInit:  - MaxHostConnections = 16  - Libcurl will limit the number of connections to a host
LogInit:  - LocalHostAddr = Default
LogInit:  - BufferSize = 65536
LogOnline: OSS: Creating online subsystem instance for: NULL
LogInit: WinSock: version 1.1 (2.2), MaxSocks=32767, MaxUdp=65467
LogOnline: OSS: TryLoadSubsystemAndSetDefault: Loaded subsystem for module [NULL]
LogOculusPluginWrapper: OculusPlugin initialized successfully
LogHMD: Failed initializing OVRPlugin 1.59.0
LogInit: Build: ++UE4+Release-4.27-CL-18319896
LogInit: Engine Version: 4.27.2-18319896+++UE4+Release-4.27
LogInit: Compatible Engine Version: 4.27.0-17155196+++UE4+Release-4.27
LogInit: Net CL: 17155196
LogInit: OS: Windows 10 (Release 2009) (), CPU: Intel(R) Core(TM) i7-9700 CPU @ 3.00GHz, GPU: NVIDIA GeForce GTX 1660 Ti
LogInit: Compiled (64-bit): Nov 30 2021 07:26:28
LogInit: Compiled with Visual C++: 19.16.27032.01
LogInit: Build Configuration: Development
LogInit: Branch Name: ++UE4+Release-4.27
LogInit: Command Line: 
LogInit: Base Directory: D:/Users/IRAIRABirdman/WindowsNoEditor/IRAIRABirdman/Binaries/Win64/
LogInit: Allocator: binned2
LogInit: Installed Engine Build: 0
LogDevObjectVersion: Number of dev versions registered: 29
LogDevObjectVersion:   Dev-Blueprints (B0D832E4-1F89-4F0D-ACCF-7EB736FD4AA2): 10
LogDevObjectVersion:   Dev-Build (E1C64328-A22C-4D53-A36C-8E866417BD8C): 0
LogDevObjectVersion:   Dev-Core (375EC13C-06E4-48FB-B500-84F0262A717E): 4
LogDevObjectVersion:   Dev-Editor (E4B068ED-F494-42E9-A231-DA0B2E46BB41): 40
LogDevObjectVersion:   Dev-Framework (CFFC743F-43B0-4480-9391-14DF171D2073): 37
LogDevObjectVersion:   Dev-Mobile (B02B49B5-BB20-44E9-A304-32B752E40360): 3
LogDevObjectVersion:   Dev-Networking (A4E4105C-59A1-49B5-A7C5-40C4547EDFEE): 0
LogDevObjectVersion:   Dev-Online (39C831C9-5AE6-47DC-9A44-9C173E1C8E7C): 0
LogDevObjectVersion:   Dev-Physics (78F01B33-EBEA-4F98-B9B4-84EACCB95AA2): 14
LogDevObjectVersion:   Dev-Platform (6631380F-2D4D-43E0-8009-CF276956A95A): 0
LogDevObjectVersion:   Dev-Rendering (12F88B9F-8875-4AFC-A67C-D90C383ABD29): 45
LogDevObjectVersion:   Dev-Sequencer (7B5AE74C-D270-4C10-A958-57980B212A5A): 13
LogDevObjectVersion:   Dev-VR (D7296918-1DD6-4BDD-9DE2-64A83CC13884): 3
LogDevObjectVersion:   Dev-LoadTimes (C2A15278-BFE7-4AFE-6C17-90FF531DF755): 1
LogDevObjectVersion:   Private-Geometry (6EACA3D4-40EC-4CC1-B786-8BED09428FC5): 3
LogDevObjectVersion:   Dev-AnimPhys (29E575DD-E0A3-4627-9D10-D276232CDCEA): 17
LogDevObjectVersion:   Dev-Anim (AF43A65D-7FD3-4947-9873-3E8ED9C1BB05): 15
LogDevObjectVersion:   Dev-ReflectionCapture (6B266CEC-1EC7-4B8F-A30B-E4D90942FC07): 1
LogDevObjectVersion:   Dev-Automation (0DF73D61-A23F-47EA-B727-89E90C41499A): 1
LogDevObjectVersion:   FortniteMain (601D1886-AC64-4F84-AA16-D3DE0DEAC7D6): 47
LogDevObjectVersion:   FortniteRelease (E7086368-6B23-4C58-8439-1B7016265E91): 1
LogDevObjectVersion:   Dev-Enterprise (9DFFBCD6-494F-0158-E221-12823C92A888): 10
LogDevObjectVersion:   Dev-Niagara (F2AED0AC-9AFE-416F-8664-AA7FFA26D6FC): 1
LogDevObjectVersion:   Dev-Destruction (174F1F0B-B4C6-45A5-B13F-2EE8D0FB917D): 10
LogDevObjectVersion:   Dev-Physics-Ext (35F94A83-E258-406C-A318-09F59610247C): 41
LogDevObjectVersion:   Dev-PhysicsMaterial-Chaos (B68FC16E-8B1B-42E2-B453-215C058844FE): 1
LogDevObjectVersion:   Dev-CineCamera (B2E18506-4273-CFC2-A54E-F4BB758BBA07): 1
LogDevObjectVersion:   Dev-VirtualProduction (64F58936-FD1B-42BA-BA96-7289D5D0FA4E): 1
LogDevObjectVersion:   Dev-MediaFramework (6F0ED827-A609-4895-9C91-998D90180EA4): 2
LogInit: Presizing for max 2097152 objects, including 1 objects not considered by GC, pre-allocating 0 bytes for permanent pool.
LogConfig: Applying CVar settings from Section [/Script/Engine.StreamingSettings] File [../../../IRAIRABirdman/Saved/Config/WindowsNoEditor/Engine.ini]
LogConfig: Setting CVar [[s.MinBulkDataSizeForAsyncLoading:131072]]
LogConfig: Setting CVar [[s.AsyncLoadingThreadEnabled:0]]
LogConfig: Setting CVar [[s.EventDrivenLoaderEnabled:1]]
LogConfig: Setting CVar [[s.WarnIfTimeLimitExceeded:0]]
LogConfig: Setting CVar [[s.TimeLimitExceededMultiplier:1.5]]
LogConfig: Setting CVar [[s.TimeLimitExceededMinTime:0.005]]
LogConfig: Setting CVar [[s.UseBackgroundLevelStreaming:1]]
LogConfig: Setting CVar [[s.PriorityAsyncLoadingExtraTime:15.0]]
LogConfig: Setting CVar [[s.LevelStreamingActorsUpdateTimeLimit:5.0]]
LogConfig: Setting CVar [[s.PriorityLevelStreamingActorsUpdateExtraTime:5.0]]
LogConfig: Setting CVar [[s.LevelStreamingComponentsRegistrationGranularity:10]]
LogConfig: Setting CVar [[s.UnregisterComponentsTimeLimit:1.0]]
LogConfig: Setting CVar [[s.LevelStreamingComponentsUnregistrationGranularity:5]]
LogConfig: Setting CVar [[s.FlushStreamingOnExit:1]]
LogStreaming: Display: Async Loading initialized: Event Driven Loader: true, Async Loading Thread: false, Async Post Load: true
LogInit: Object subsystem initialized
LogConfig: Setting CVar [[con.DebugEarlyDefault:1]]
LogConfig: Setting CVar [[r.setres:1280x720]]
LogConfig: Setting CVar [[fx.NiagaraAllowRuntimeScalabilityChanges:1]]
[2022.03.24-16.20.26:536][  0]LogConfig: Setting CVar [[con.DebugEarlyDefault:1]]
[2022.03.24-16.20.26:537][  0]LogConfig: Setting CVar [[r.setres:1280x720]]
[2022.03.24-16.20.26:537][  0]LogConfig: Setting CVar [[fx.NiagaraAllowRuntimeScalabilityChanges:1]]
[2022.03.24-16.20.26:537][  0]LogConfig: Applying CVar settings from Section [/Script/Engine.RendererSettings] File [../../../IRAIRABirdman/Saved/Config/WindowsNoEditor/Engine.ini]
[2022.03.24-16.20.26:537][  0]LogConfig: Setting CVar [[r.GPUCrashDebugging:0]]
[2022.03.24-16.20.26:537][  0]LogConfig: Applying CVar settings from Section [/Script/Engine.RendererOverrideSettings] File [../../../IRAIRABirdman/Saved/Config/WindowsNoEditor/Engine.ini]
[2022.03.24-16.20.26:537][  0]LogConfig: Applying CVar settings from Section [/Script/Engine.StreamingSettings] File [../../../IRAIRABirdman/Saved/Config/WindowsNoEditor/Engine.ini]
[2022.03.24-16.20.26:537][  0]LogConfig: Setting CVar [[s.MinBulkDataSizeForAsyncLoading:131072]]
[2022.03.24-16.20.26:537][  0]LogConfig: Setting CVar [[s.AsyncLoadingThreadEnabled:0]]
[2022.03.24-16.20.26:537][  0]LogConfig: Setting CVar [[s.EventDrivenLoaderEnabled:1]]
[2022.03.24-16.20.26:537][  0]LogConfig: Setting CVar [[s.WarnIfTimeLimitExceeded:0]]
[2022.03.24-16.20.26:537][  0]LogConfig: Setting CVar [[s.TimeLimitExceededMultiplier:1.5]]
[2022.03.24-16.20.26:537][  0]LogConfig: Setting CVar [[s.TimeLimitExceededMinTime:0.005]]
[2022.03.24-16.20.26:537][  0]LogConfig: Setting CVar [[s.UseBackgroundLevelStreaming:1]]
[2022.03.24-16.20.26:537][  0]LogConfig: Setting CVar [[s.PriorityAsyncLoadingExtraTime:15.0]]
[2022.03.24-16.20.26:537][  0]LogConfig: Setting CVar [[s.LevelStreamingActorsUpdateTimeLimit:5.0]]
[2022.03.24-16.20.26:537][  0]LogConfig: Setting CVar [[s.PriorityLevelStreamingActorsUpdateExtraTime:5.0]]
[2022.03.24-16.20.26:537][  0]LogConfig: Setting CVar [[s.LevelStreamingComponentsRegistrationGranularity:10]]
[2022.03.24-16.20.26:537][  0]LogConfig: Setting CVar [[s.UnregisterComponentsTimeLimit:1.0]]
[2022.03.24-16.20.26:537][  0]LogConfig: Setting CVar [[s.LevelStreamingComponentsUnregistrationGranularity:5]]
[2022.03.24-16.20.26:537][  0]LogConfig: Setting CVar [[s.FlushStreamingOnExit:1]]
[2022.03.24-16.20.26:537][  0]LogConfig: Applying CVar settings from Section [/Script/Engine.GarbageCollectionSettings] File [../../../IRAIRABirdman/Saved/Config/WindowsNoEditor/Engine.ini]
[2022.03.24-16.20.26:537][  0]LogConfig: Setting CVar [[gc.MaxObjectsNotConsideredByGC:1]]
[2022.03.24-16.20.26:537][  0]LogConfig: Setting CVar [[gc.SizeOfPermanentObjectPool:0]]
[2022.03.24-16.20.26:537][  0]LogConfig: Setting CVar [[gc.FlushStreamingOnGC:0]]
[2022.03.24-16.20.26:537][  0]LogConfig: Setting CVar [[gc.NumRetriesBeforeForcingGC:10]]
[2022.03.24-16.20.26:537][  0]LogConfig: Setting CVar [[gc.AllowParallelGC:1]]
[2022.03.24-16.20.26:537][  0]LogConfig: Setting CVar [[gc.TimeBetweenPurgingPendingKillObjects:61.1]]
[2022.03.24-16.20.26:537][  0]LogConfig: Setting CVar [[gc.MaxObjectsInEditor:25165824]]
[2022.03.24-16.20.26:537][  0]LogConfig: Setting CVar [[gc.IncrementalBeginDestroyEnabled:1]]
[2022.03.24-16.20.26:537][  0]LogConfig: Setting CVar [[gc.CreateGCClusters:1]]
[2022.03.24-16.20.26:537][  0]LogConfig: Setting CVar [[gc.MinGCClusterSize:5]]
[2022.03.24-16.20.26:537][  0]LogConfig: Setting CVar [[gc.ActorClusteringEnabled:0]]
[2022.03.24-16.20.26:537][  0]LogConfig: Setting CVar [[gc.BlueprintClusteringEnabled:0]]
[2022.03.24-16.20.26:537][  0]LogConfig: Setting CVar [[gc.UseDisregardForGCOnDedicatedServers:0]]
[2022.03.24-16.20.26:537][  0]LogConfig: Setting CVar [[gc.MultithreadedDestructionEnabled:1]]
[2022.03.24-16.20.26:537][  0]LogConfig: Applying CVar settings from Section [/Script/Engine.NetworkSettings] File [../../../IRAIRABirdman/Saved/Config/WindowsNoEditor/Engine.ini]
[2022.03.24-16.20.26:553][  0]LogConfig: Applying CVar settings from Section [ViewDistanceQuality@3] File [../../../IRAIRABirdman/Saved/Config/WindowsNoEditor/Scalability.ini]
[2022.03.24-16.20.26:553][  0]LogConfig: Setting CVar [[r.SkeletalMeshLODBias:0]]
[2022.03.24-16.20.26:553][  0]LogConfig: Setting CVar [[r.ViewDistanceScale:1.0]]
[2022.03.24-16.20.26:553][  0]LogConfig: Applying CVar settings from Section [AntiAliasingQuality@3] File [../../../IRAIRABirdman/Saved/Config/WindowsNoEditor/Scalability.ini]
[2022.03.24-16.20.26:553][  0]LogConfig: Setting CVar [[r.PostProcessAAQuality:4]]
[2022.03.24-16.20.26:553][  0]LogConfig: Applying CVar settings from Section [ShadowQuality@3] File [../../../IRAIRABirdman/Saved/Config/WindowsNoEditor/Scalability.ini]
[2022.03.24-16.20.26:553][  0]LogConfig: Setting CVar [[r.LightFunctionQuality:1]]
[2022.03.24-16.20.26:553][  0]LogConfig: Setting CVar [[r.ShadowQuality:5]]
[2022.03.24-16.20.26:553][  0]LogConfig: Setting CVar [[r.Shadow.CSM.MaxCascades:10]]
[2022.03.24-16.20.26:553][  0]LogConfig: Setting CVar [[r.Shadow.MaxResolution:2048]]
[2022.03.24-16.20.26:553][  0]LogConfig: Setting CVar [[r.Shadow.MaxCSMResolution:2048]]
[2022.03.24-16.20.26:553][  0]LogConfig: Setting CVar [[r.Shadow.RadiusThreshold:0.01]]
[2022.03.24-16.20.26:553][  0]LogConfig: Setting CVar [[r.Shadow.DistanceScale:1.0]]
[2022.03.24-16.20.26:553][  0]LogConfig: Setting CVar [[r.Shadow.CSM.TransitionScale:1.0]]
[2022.03.24-16.20.26:553][  0]LogConfig: Setting CVar [[r.Shadow.PreShadowResolutionFactor:1.0]]
[2022.03.24-16.20.26:553][  0]LogConfig: Setting CVar [[r.DistanceFieldShadowing:1]]
[2022.03.24-16.20.26:553][  0]LogConfig: Setting CVar [[r.DistanceFieldAO:1]]
[2022.03.24-16.20.26:553][  0]LogConfig: Setting CVar [[r.AOQuality:2]]
[2022.03.24-16.20.26:553][  0]LogConfig: Setting CVar [[r.VolumetricFog:1]]
[2022.03.24-16.20.26:553][  0]LogConfig: Setting CVar [[r.VolumetricFog.GridPixelSize:8]]
[2022.03.24-16.20.26:553][  0]LogConfig: Setting CVar [[r.VolumetricFog.GridSizeZ:128]]
[2022.03.24-16.20.26:553][  0]LogConfig: Setting CVar [[r.VolumetricFog.HistoryMissSupersampleCount:4]]
[2022.03.24-16.20.26:553][  0]LogConfig: Setting CVar [[r.LightMaxDrawDistanceScale:1]]
[2022.03.24-16.20.26:553][  0]LogConfig: Setting CVar [[r.CapsuleShadows:1]]
[2022.03.24-16.20.26:553][  0]LogConfig: Applying CVar settings from Section [PostProcessQuality@3] File [../../../IRAIRABirdman/Saved/Config/WindowsNoEditor/Scalability.ini]
[2022.03.24-16.20.26:553][  0]LogConfig: Setting CVar [[r.MotionBlurQuality:4]]
[2022.03.24-16.20.26:553][  0]LogConfig: Setting CVar [[r.AmbientOcclusionMipLevelFactor:0.4]]
[2022.03.24-16.20.26:553][  0]LogConfig: Setting CVar [[r.AmbientOcclusionMaxQuality:100]]
[2022.03.24-16.20.26:553][  0]LogConfig: Setting CVar [[r.AmbientOcclusionLevels:-1]]
[2022.03.24-16.20.26:553][  0]LogConfig: Setting CVar [[r.AmbientOcclusionRadiusScale:1.0]]
[2022.03.24-16.20.26:553][  0]LogConfig: Setting CVar [[r.DepthOfFieldQuality:2]]
[2022.03.24-16.20.26:553][  0]LogConfig: Setting CVar [[r.RenderTargetPoolMin:400]]
[2022.03.24-16.20.26:553][  0]LogConfig: Setting CVar [[r.LensFlareQuality:2]]
[2022.03.24-16.20.26:553][  0]LogConfig: Setting CVar [[r.SceneColorFringeQuality:1]]
[2022.03.24-16.20.26:553][  0]LogConfig: Setting CVar [[r.EyeAdaptationQuality:2]]
[2022.03.24-16.20.26:553][  0]LogConfig: Setting CVar [[r.BloomQuality:5]]
[2022.03.24-16.20.26:553][  0]LogConfig: Setting CVar [[r.FastBlurThreshold:100]]
[2022.03.24-16.20.26:553][  0]LogConfig: Setting CVar [[r.Upscale.Quality:3]]
[2022.03.24-16.20.26:553][  0]LogConfig: Setting CVar [[r.Tonemapper.GrainQuantization:1]]
[2022.03.24-16.20.26:553][  0]LogConfig: Setting CVar [[r.LightShaftQuality:1]]
[2022.03.24-16.20.26:553][  0]LogConfig: Setting CVar [[r.Filter.SizeScale:1]]
[2022.03.24-16.20.26:553][  0]LogConfig: Setting CVar [[r.Tonemapper.Quality:5]]
[2022.03.24-16.20.26:553][  0]LogConfig: Setting CVar [[r.DOF.Gather.AccumulatorQuality:1        ; higher gathering accumulator quality]]
[2022.03.24-16.20.26:553][  0]LogConfig: Setting CVar [[r.DOF.Gather.PostfilterMethod:1          ; Median3x3 postfilering method]]
[2022.03.24-16.20.26:553][  0]LogConfig: Setting CVar [[r.DOF.Gather.EnableBokehSettings:0       ; no bokeh simulation when gathering]]
[2022.03.24-16.20.26:554][  0]LogConfig: Setting CVar [[r.DOF.Gather.RingCount:4                 ; medium number of samples when gathering]]
[2022.03.24-16.20.26:554][  0]LogConfig: Setting CVar [[r.DOF.Scatter.ForegroundCompositing:1    ; additive foreground scattering]]
[2022.03.24-16.20.26:554][  0]LogConfig: Setting CVar [[r.DOF.Scatter.BackgroundCompositing:2    ; additive background scattering]]
[2022.03.24-16.20.26:554][  0]LogConfig: Setting CVar [[r.DOF.Scatter.EnableBokehSettings:1      ; bokeh simulation when scattering]]
[2022.03.24-16.20.26:554][  0]LogConfig: Setting CVar [[r.DOF.Scatter.MaxSpriteRatio:0.1         ; only a maximum of 10% of scattered bokeh]]
[2022.03.24-16.20.26:554][  0]LogConfig: Setting CVar [[r.DOF.Recombine.Quality:1                ; cheap slight out of focus]]
[2022.03.24-16.20.26:554][  0]LogConfig: Setting CVar [[r.DOF.Recombine.EnableBokehSettings:0    ; no bokeh simulation on slight out of focus]]
[2022.03.24-16.20.26:554][  0]LogConfig: Setting CVar [[r.DOF.TemporalAAQuality:1                ; more stable temporal accumulation]]
[2022.03.24-16.20.26:554][  0]LogConfig: Setting CVar [[r.DOF.Kernel.MaxForegroundRadius:0.025]]
[2022.03.24-16.20.26:554][  0]LogConfig: Setting CVar [[r.DOF.Kernel.MaxBackgroundRadius:0.025]]
[2022.03.24-16.20.26:554][  0]LogConfig: Applying CVar settings from Section [TextureQuality@3] File [../../../IRAIRABirdman/Saved/Config/WindowsNoEditor/Scalability.ini]
[2022.03.24-16.20.26:554][  0]LogConfig: Setting CVar [[r.Streaming.MipBias:0]]
[2022.03.24-16.20.26:554][  0]LogConfig: Setting CVar [[r.Streaming.AmortizeCPUToGPUCopy:0]]
[2022.03.24-16.20.26:554][  0]LogConfig: Setting CVar [[r.Streaming.MaxNumTexturesToStreamPerFrame:0]]
[2022.03.24-16.20.26:554][  0]LogConfig: Setting CVar [[r.Streaming.Boost:1]]
[2022.03.24-16.20.26:554][  0]LogConfig: Setting CVar [[r.MaxAnisotropy:8]]
[2022.03.24-16.20.26:554][  0]LogConfig: Setting CVar [[r.VT.MaxAnisotropy:8]]
[2022.03.24-16.20.26:554][  0]LogConfig: Setting CVar [[r.Streaming.LimitPoolSizeToVRAM:0]]
[2022.03.24-16.20.26:554][  0]LogConfig: Setting CVar [[r.Streaming.PoolSize:1000]]
[2022.03.24-16.20.26:554][  0]LogConfig: Setting CVar [[r.Streaming.MaxEffectiveScreenSize:0]]
[2022.03.24-16.20.26:554][  0]LogConfig: Applying CVar settings from Section [EffectsQuality@3] File [../../../IRAIRABirdman/Saved/Config/WindowsNoEditor/Scalability.ini]
[2022.03.24-16.20.26:554][  0]LogConfig: Setting CVar [[r.TranslucencyLightingVolumeDim:64]]
[2022.03.24-16.20.26:554][  0]LogConfig: Setting CVar [[r.RefractionQuality:2]]
[2022.03.24-16.20.26:554][  0]LogConfig: Setting CVar [[r.SSR.Quality:3]]
[2022.03.24-16.20.26:554][  0]LogConfig: Setting CVar [[r.SSR.HalfResSceneColor:0]]
[2022.03.24-16.20.26:554][  0]LogConfig: Setting CVar [[r.SceneColorFormat:4]]
[2022.03.24-16.20.26:554][  0]LogConfig: Setting CVar [[r.DetailMode:2]]
[2022.03.24-16.20.26:554][  0]LogConfig: Setting CVar [[r.TranslucencyVolumeBlur:1]]
[2022.03.24-16.20.26:554][  0]LogConfig: Setting CVar [[r.MaterialQualityLevel:1 ; High quality]]
[2022.03.24-16.20.26:554][  0]LogConfig: Setting CVar [[r.AnisotropicMaterials:1]]
[2022.03.24-16.20.26:554][  0]LogConfig: Setting CVar [[r.SSS.Scale:1]]
[2022.03.24-16.20.26:554][  0]LogConfig: Setting CVar [[r.SSS.SampleSet:2]]
[2022.03.24-16.20.26:554][  0]LogConfig: Setting CVar [[r.SSS.Quality:1]]
[2022.03.24-16.20.26:554][  0]LogConfig: Setting CVar [[r.SSS.HalfRes:0]]
[2022.03.24-16.20.26:554][  0]LogConfig: Setting CVar [[r.SSGI.Quality:3]]
[2022.03.24-16.20.26:554][  0]LogConfig: Setting CVar [[r.EmitterSpawnRateScale:1.0]]
[2022.03.24-16.20.26:554][  0]LogConfig: Setting CVar [[r.ParticleLightQuality:2]]
[2022.03.24-16.20.26:554][  0]LogConfig: Setting CVar [[r.SkyAtmosphere.AerialPerspectiveLUT.FastApplyOnOpaque:1 ; Always have FastSkyLUT 1 in this case to avoid wrong sky]]
[2022.03.24-16.20.26:554][  0]LogConfig: Setting CVar [[r.SkyAtmosphere.AerialPerspectiveLUT.SampleCountMaxPerSlice:4]]
[2022.03.24-16.20.26:554][  0]LogConfig: Setting CVar [[r.SkyAtmosphere.AerialPerspectiveLUT.DepthResolution:16.0]]
[2022.03.24-16.20.26:554][  0]LogConfig: Setting CVar [[r.SkyAtmosphere.FastSkyLUT:1]]
[2022.03.24-16.20.26:554][  0]LogConfig: Setting CVar [[r.SkyAtmosphere.FastSkyLUT.SampleCountMin:4.0]]
[2022.03.24-16.20.26:554][  0]LogConfig: Setting CVar [[r.SkyAtmosphere.FastSkyLUT.SampleCountMax:128.0]]
[2022.03.24-16.20.26:554][  0]LogConfig: Setting CVar [[r.SkyAtmosphere.SampleCountMin:4.0]]
[2022.03.24-16.20.26:554][  0]LogConfig: Setting CVar [[r.SkyAtmosphere.SampleCountMax:128.0]]
[2022.03.24-16.20.26:554][  0]LogConfig: Setting CVar [[r.SkyAtmosphere.TransmittanceLUT.UseSmallFormat:0]]
[2022.03.24-16.20.26:554][  0]LogConfig: Setting CVar [[r.SkyAtmosphere.TransmittanceLUT.SampleCount:10.0]]
[2022.03.24-16.20.26:554][  0]LogConfig: Setting CVar [[r.SkyAtmosphere.MultiScatteringLUT.SampleCount:15.0]]
[2022.03.24-16.20.26:554][  0]LogConfig: Setting CVar [[r.SkyLight.RealTimeReflectionCapture:1]]
[2022.03.24-16.20.26:554][  0]LogConfig: Setting CVar [[fx.Niagara.QualityLevel:3]]
[2022.03.24-16.20.26:554][  0]LogConfig: Applying CVar settings from Section [FoliageQuality@3] File [../../../IRAIRABirdman/Saved/Config/WindowsNoEditor/Scalability.ini]
[2022.03.24-16.20.26:554][  0]LogConfig: Setting CVar [[foliage.DensityScale:1.0]]
[2022.03.24-16.20.26:554][  0]LogConfig: Setting CVar [[grass.DensityScale:1.0]]
[2022.03.24-16.20.26:554][  0]LogConfig: Applying CVar settings from Section [ShadingQuality@3] File [../../../IRAIRABirdman/Saved/Config/WindowsNoEditor/Scalability.ini]
[2022.03.24-16.20.26:554][  0]LogConfig: Setting CVar [[r.HairStrands.SkyLighting.IntegrationType:2]]
[2022.03.24-16.20.26:554][  0]LogConfig: Setting CVar [[r.HairStrands.SkyAO.SampleCount:4]]
[2022.03.24-16.20.26:554][  0]LogConfig: Setting CVar [[r.HairStrands.Visibility.MSAA.SamplePerPixel:4]]
[2022.03.24-16.20.26:555][  0]LogInit: Selected Device Profile: [WindowsNoEditor]
[2022.03.24-16.20.26:555][  0]LogInit: Applying CVar settings loaded from the selected device profile: [WindowsNoEditor]
[2022.03.24-16.20.26:555][  0]LogHAL: Display: Platform has ~ 16 GB [17118728192 / 17179869184 / 16], which maps to Larger [LargestMinGB=32, LargerMinGB=12, DefaultMinGB=8, SmallerMinGB=6, SmallestMinGB=0)
[2022.03.24-16.20.26:555][  0]LogInit: Going up to parent DeviceProfile [Windows]
[2022.03.24-16.20.26:555][  0]LogInit: Going up to parent DeviceProfile []
[2022.03.24-16.20.26:555][  0]LogConfig: Applying CVar settings from Section [ViewDistanceQuality@3] File [../../../IRAIRABirdman/Saved/Config/WindowsNoEditor/Scalability.ini]
[2022.03.24-16.20.26:555][  0]LogConfig: Setting CVar [[r.SkeletalMeshLODBias:0]]
[2022.03.24-16.20.26:555][  0]LogConfig: Setting CVar [[r.ViewDistanceScale:1.0]]
[2022.03.24-16.20.26:555][  0]LogConfig: Applying CVar settings from Section [AntiAliasingQuality@3] File [../../../IRAIRABirdman/Saved/Config/WindowsNoEditor/Scalability.ini]
[2022.03.24-16.20.26:555][  0]LogConfig: Setting CVar [[r.PostProcessAAQuality:4]]
[2022.03.24-16.20.26:555][  0]LogConfig: Applying CVar settings from Section [ShadowQuality@3] File [../../../IRAIRABirdman/Saved/Config/WindowsNoEditor/Scalability.ini]
[2022.03.24-16.20.26:555][  0]LogConfig: Setting CVar [[r.LightFunctionQuality:1]]
[2022.03.24-16.20.26:555][  0]LogConfig: Setting CVar [[r.ShadowQuality:5]]
[2022.03.24-16.20.26:555][  0]LogConfig: Setting CVar [[r.Shadow.CSM.MaxCascades:10]]
[2022.03.24-16.20.26:555][  0]LogConfig: Setting CVar [[r.Shadow.MaxResolution:2048]]
[2022.03.24-16.20.26:555][  0]LogConfig: Setting CVar [[r.Shadow.MaxCSMResolution:2048]]
[2022.03.24-16.20.26:555][  0]LogConfig: Setting CVar [[r.Shadow.RadiusThreshold:0.01]]
[2022.03.24-16.20.26:555][  0]LogConfig: Setting CVar [[r.Shadow.DistanceScale:1.0]]
[2022.03.24-16.20.26:555][  0]LogConfig: Setting CVar [[r.Shadow.CSM.TransitionScale:1.0]]
[2022.03.24-16.20.26:555][  0]LogConfig: Setting CVar [[r.Shadow.PreShadowResolutionFactor:1.0]]
[2022.03.24-16.20.26:555][  0]LogConfig: Setting CVar [[r.DistanceFieldShadowing:1]]
[2022.03.24-16.20.26:555][  0]LogConfig: Setting CVar [[r.DistanceFieldAO:1]]
[2022.03.24-16.20.26:555][  0]LogConfig: Setting CVar [[r.AOQuality:2]]
[2022.03.24-16.20.26:555][  0]LogConfig: Setting CVar [[r.VolumetricFog:1]]
[2022.03.24-16.20.26:555][  0]LogConfig: Setting CVar [[r.VolumetricFog.GridPixelSize:8]]
[2022.03.24-16.20.26:555][  0]LogConfig: Setting CVar [[r.VolumetricFog.GridSizeZ:128]]
[2022.03.24-16.20.26:555][  0]LogConfig: Setting CVar [[r.VolumetricFog.HistoryMissSupersampleCount:4]]
[2022.03.24-16.20.26:555][  0]LogConfig: Setting CVar [[r.LightMaxDrawDistanceScale:1]]
[2022.03.24-16.20.26:555][  0]LogConfig: Setting CVar [[r.CapsuleShadows:1]]
[2022.03.24-16.20.26:555][  0]LogConfig: Applying CVar settings from Section [PostProcessQuality@3] File [../../../IRAIRABirdman/Saved/Config/WindowsNoEditor/Scalability.ini]
[2022.03.24-16.20.26:555][  0]LogConfig: Setting CVar [[r.MotionBlurQuality:4]]
[2022.03.24-16.20.26:555][  0]LogConfig: Setting CVar [[r.AmbientOcclusionMipLevelFactor:0.4]]
[2022.03.24-16.20.26:555][  0]LogConfig: Setting CVar [[r.AmbientOcclusionMaxQuality:100]]
[2022.03.24-16.20.26:555][  0]LogConfig: Setting CVar [[r.AmbientOcclusionLevels:-1]]
[2022.03.24-16.20.26:555][  0]LogConfig: Setting CVar [[r.AmbientOcclusionRadiusScale:1.0]]
[2022.03.24-16.20.26:555][  0]LogConfig: Setting CVar [[r.DepthOfFieldQuality:2]]
[2022.03.24-16.20.26:555][  0]LogConfig: Setting CVar [[r.RenderTargetPoolMin:400]]
[2022.03.24-16.20.26:555][  0]LogConfig: Setting CVar [[r.LensFlareQuality:2]]
[2022.03.24-16.20.26:555][  0]LogConfig: Setting CVar [[r.SceneColorFringeQuality:1]]
[2022.03.24-16.20.26:555][  0]LogConfig: Setting CVar [[r.EyeAdaptationQuality:2]]
[2022.03.24-16.20.26:555][  0]LogConfig: Setting CVar [[r.BloomQuality:5]]
[2022.03.24-16.20.26:555][  0]LogConfig: Setting CVar [[r.FastBlurThreshold:100]]
[2022.03.24-16.20.26:555][  0]LogConfig: Setting CVar [[r.Upscale.Quality:3]]
[2022.03.24-16.20.26:555][  0]LogConfig: Setting CVar [[r.Tonemapper.GrainQuantization:1]]
[2022.03.24-16.20.26:555][  0]LogConfig: Setting CVar [[r.LightShaftQuality:1]]
[2022.03.24-16.20.26:555][  0]LogConfig: Setting CVar [[r.Filter.SizeScale:1]]
[2022.03.24-16.20.26:555][  0]LogConfig: Setting CVar [[r.Tonemapper.Quality:5]]
[2022.03.24-16.20.26:555][  0]LogConfig: Setting CVar [[r.DOF.Gather.AccumulatorQuality:1        ; higher gathering accumulator quality]]
[2022.03.24-16.20.26:555][  0]LogConfig: Setting CVar [[r.DOF.Gather.PostfilterMethod:1          ; Median3x3 postfilering method]]
[2022.03.24-16.20.26:555][  0]LogConfig: Setting CVar [[r.DOF.Gather.EnableBokehSettings:0       ; no bokeh simulation when gathering]]
[2022.03.24-16.20.26:555][  0]LogConfig: Setting CVar [[r.DOF.Gather.RingCount:4                 ; medium number of samples when gathering]]
[2022.03.24-16.20.26:555][  0]LogConfig: Setting CVar [[r.DOF.Scatter.ForegroundCompositing:1    ; additive foreground scattering]]
[2022.03.24-16.20.26:556][  0]LogConfig: Setting CVar [[r.DOF.Scatter.BackgroundCompositing:2    ; additive background scattering]]
[2022.03.24-16.20.26:556][  0]LogConfig: Setting CVar [[r.DOF.Scatter.EnableBokehSettings:1      ; bokeh simulation when scattering]]
[2022.03.24-16.20.26:556][  0]LogConfig: Setting CVar [[r.DOF.Scatter.MaxSpriteRatio:0.1         ; only a maximum of 10% of scattered bokeh]]
[2022.03.24-16.20.26:556][  0]LogConfig: Setting CVar [[r.DOF.Recombine.Quality:1                ; cheap slight out of focus]]
[2022.03.24-16.20.26:556][  0]LogConfig: Setting CVar [[r.DOF.Recombine.EnableBokehSettings:0    ; no bokeh simulation on slight out of focus]]
[2022.03.24-16.20.26:556][  0]LogConfig: Setting CVar [[r.DOF.TemporalAAQuality:1                ; more stable temporal accumulation]]
[2022.03.24-16.20.26:556][  0]LogConfig: Setting CVar [[r.DOF.Kernel.MaxForegroundRadius:0.025]]
[2022.03.24-16.20.26:556][  0]LogConfig: Setting CVar [[r.DOF.Kernel.MaxBackgroundRadius:0.025]]
[2022.03.24-16.20.26:556][  0]LogConfig: Applying CVar settings from Section [TextureQuality@3] File [../../../IRAIRABirdman/Saved/Config/WindowsNoEditor/Scalability.ini]
[2022.03.24-16.20.26:556][  0]LogConfig: Setting CVar [[r.Streaming.MipBias:0]]
[2022.03.24-16.20.26:556][  0]LogConfig: Setting CVar [[r.Streaming.AmortizeCPUToGPUCopy:0]]
[2022.03.24-16.20.26:556][  0]LogConfig: Setting CVar [[r.Streaming.MaxNumTexturesToStreamPerFrame:0]]
[2022.03.24-16.20.26:556][  0]LogConfig: Setting CVar [[r.Streaming.Boost:1]]
[2022.03.24-16.20.26:556][  0]LogConfig: Setting CVar [[r.MaxAnisotropy:8]]
[2022.03.24-16.20.26:556][  0]LogConfig: Setting CVar [[r.VT.MaxAnisotropy:8]]
[2022.03.24-16.20.26:556][  0]LogConfig: Setting CVar [[r.Streaming.LimitPoolSizeToVRAM:0]]
[2022.03.24-16.20.26:556][  0]LogConfig: Setting CVar [[r.Streaming.PoolSize:1000]]
[2022.03.24-16.20.26:556][  0]LogConfig: Setting CVar [[r.Streaming.MaxEffectiveScreenSize:0]]
[2022.03.24-16.20.26:556][  0]LogConfig: Applying CVar settings from Section [EffectsQuality@3] File [../../../IRAIRABirdman/Saved/Config/WindowsNoEditor/Scalability.ini]
[2022.03.24-16.20.26:556][  0]LogConfig: Setting CVar [[r.TranslucencyLightingVolumeDim:64]]
[2022.03.24-16.20.26:556][  0]LogConfig: Setting CVar [[r.RefractionQuality:2]]
[2022.03.24-16.20.26:556][  0]LogConfig: Setting CVar [[r.SSR.Quality:3]]
[2022.03.24-16.20.26:556][  0]LogConfig: Setting CVar [[r.SSR.HalfResSceneColor:0]]
[2022.03.24-16.20.26:556][  0]LogConfig: Setting CVar [[r.SceneColorFormat:4]]
[2022.03.24-16.20.26:556][  0]LogConfig: Setting CVar [[r.DetailMode:2]]
[2022.03.24-16.20.26:556][  0]LogConfig: Setting CVar [[r.TranslucencyVolumeBlur:1]]
[2022.03.24-16.20.26:556][  0]LogConfig: Setting CVar [[r.MaterialQualityLevel:1 ; High quality]]
[2022.03.24-16.20.26:556][  0]LogConfig: Setting CVar [[r.AnisotropicMaterials:1]]
[2022.03.24-16.20.26:556][  0]LogConfig: Setting CVar [[r.SSS.Scale:1]]
[2022.03.24-16.20.26:556][  0]LogConfig: Setting CVar [[r.SSS.SampleSet:2]]
[2022.03.24-16.20.26:556][  0]LogConfig: Setting CVar [[r.SSS.Quality:1]]
[2022.03.24-16.20.26:556][  0]LogConfig: Setting CVar [[r.SSS.HalfRes:0]]
[2022.03.24-16.20.26:556][  0]LogConfig: Setting CVar [[r.SSGI.Quality:3]]
[2022.03.24-16.20.26:556][  0]LogConfig: Setting CVar [[r.EmitterSpawnRateScale:1.0]]
[2022.03.24-16.20.26:556][  0]LogConfig: Setting CVar [[r.ParticleLightQuality:2]]
[2022.03.24-16.20.26:556][  0]LogConfig: Setting CVar [[r.SkyAtmosphere.AerialPerspectiveLUT.FastApplyOnOpaque:1 ; Always have FastSkyLUT 1 in this case to avoid wrong sky]]
[2022.03.24-16.20.26:556][  0]LogConfig: Setting CVar [[r.SkyAtmosphere.AerialPerspectiveLUT.SampleCountMaxPerSlice:4]]
[2022.03.24-16.20.26:556][  0]LogConfig: Setting CVar [[r.SkyAtmosphere.AerialPerspectiveLUT.DepthResolution:16.0]]
[2022.03.24-16.20.26:556][  0]LogConfig: Setting CVar [[r.SkyAtmosphere.FastSkyLUT:1]]
[2022.03.24-16.20.26:556][  0]LogConfig: Setting CVar [[r.SkyAtmosphere.FastSkyLUT.SampleCountMin:4.0]]
[2022.03.24-16.20.26:556][  0]LogConfig: Setting CVar [[r.SkyAtmosphere.FastSkyLUT.SampleCountMax:128.0]]
[2022.03.24-16.20.26:556][  0]LogConfig: Setting CVar [[r.SkyAtmosphere.SampleCountMin:4.0]]
[2022.03.24-16.20.26:556][  0]LogConfig: Setting CVar [[r.SkyAtmosphere.SampleCountMax:128.0]]
[2022.03.24-16.20.26:556][  0]LogConfig: Setting CVar [[r.SkyAtmosphere.TransmittanceLUT.UseSmallFormat:0]]
[2022.03.24-16.20.26:556][  0]LogConfig: Setting CVar [[r.SkyAtmosphere.TransmittanceLUT.SampleCount:10.0]]
[2022.03.24-16.20.26:556][  0]LogConfig: Setting CVar [[r.SkyAtmosphere.MultiScatteringLUT.SampleCount:15.0]]
[2022.03.24-16.20.26:556][  0]LogConfig: Setting CVar [[r.SkyLight.RealTimeReflectionCapture:1]]
[2022.03.24-16.20.26:556][  0]LogConfig: Setting CVar [[fx.Niagara.QualityLevel:3]]
[2022.03.24-16.20.26:556][  0]LogConfig: Applying CVar settings from Section [FoliageQuality@3] File [../../../IRAIRABirdman/Saved/Config/WindowsNoEditor/Scalability.ini]
[2022.03.24-16.20.26:556][  0]LogConfig: Setting CVar [[foliage.DensityScale:1.0]]
[2022.03.24-16.20.26:556][  0]LogConfig: Setting CVar [[grass.DensityScale:1.0]]
[2022.03.24-16.20.26:556][  0]LogConfig: Applying CVar settings from Section [ShadingQuality@3] File [../../../IRAIRABirdman/Saved/Config/WindowsNoEditor/Scalability.ini]
[2022.03.24-16.20.26:556][  0]LogConfig: Setting CVar [[r.HairStrands.SkyLighting.IntegrationType:2]]
[2022.03.24-16.20.26:556][  0]LogConfig: Setting CVar [[r.HairStrands.SkyAO.SampleCount:4]]
[2022.03.24-16.20.26:556][  0]LogConfig: Setting CVar [[r.HairStrands.Visibility.MSAA.SamplePerPixel:4]]
[2022.03.24-16.20.26:556][  0]LogConfig: Applying CVar settings from Section [Startup] File [../../../Engine/Config/ConsoleVariables.ini]
[2022.03.24-16.20.26:557][  0]LogConfig: Setting CVar [[net.UseAdaptiveNetUpdateFrequency:0]]
[2022.03.24-16.20.26:557][  0]LogConfig: Setting CVar [[p.chaos.AllowCreatePhysxBodies:1]]
[2022.03.24-16.20.26:557][  0]LogConfig: Setting CVar [[fx.SkipVectorVMBackendOptimizations:1]]
[2022.03.24-16.20.26:557][  0]LogConfig: Applying CVar settings from Section [ConsoleVariables] File [../../../IRAIRABirdman/Saved/Config/WindowsNoEditor/Engine.ini]
[2022.03.24-16.20.26:557][  0]LogInit: Computer: DESKTOP-LGDR8J9
[2022.03.24-16.20.26:557][  0]LogInit: User: wolve
[2022.03.24-16.20.26:557][  0]LogInit: CPU Page size=4096, Cores=8
[2022.03.24-16.20.26:557][  0]LogInit: High frequency timer resolution =10.000000 MHz
[2022.03.24-16.20.26:557][  0]LogMemory: Memory total: Physical=15.9GB (16GB approx)
[2022.03.24-16.20.26:557][  0]LogMemory: Platform Memory Stats for WindowsNoEditor
[2022.03.24-16.20.26:557][  0]LogMemory: Process Physical Memory: 79.46 MB used, 79.46 MB peak
[2022.03.24-16.20.26:557][  0]LogMemory: Process Virtual Memory: 81.65 MB used, 81.65 MB peak
[2022.03.24-16.20.26:557][  0]LogMemory: Physical Memory: 11614.00 MB used,  4711.69 MB free, 16325.69 MB total
[2022.03.24-16.20.26:557][  0]LogMemory: Virtual Memory: 134212848.00 MB used,  4883.38 MB free, 134217728.00 MB total
[2022.03.24-16.20.26:563][  0]LogWindows: WindowsPlatformFeatures enabled
[2022.03.24-16.20.26:884][  0]LogInit: Physics initialised using underlying interface: PhysX
[2022.03.24-16.20.26:884][  0]LogInit: Using OS detected language (ja-JP).
[2022.03.24-16.20.26:884][  0]LogInit: Using OS detected locale (ja-JP).
[2022.03.24-16.20.26:885][  0]LogTextLocalizationManager: No localization for 'ja-JP' exists, so 'en' will be used for the language.
[2022.03.24-16.20.26:885][  0]LogTextLocalizationManager: No localization for 'ja-JP' exists, so 'en' will be used for the locale.
[2022.03.24-16.20.26:912][  0]LogWindowsTextInputMethodSystem: Display: IME system deactivated.
[2022.03.24-16.20.26:968][  0]LogSlate: New Slate User Created.  User Index 0, Is Virtual User: 0
[2022.03.24-16.20.26:968][  0]LogSlate: Slate User Registered.  User Index 0, Is Virtual User: 0
[2022.03.24-16.20.27:109][  0]LogD3D11RHI: Loaded GFSDK_Aftermath_Lib.x64.dll
[2022.03.24-16.20.27:112][  0]LogHMD: Failed to initialize OpenVR with code 110
[2022.03.24-16.20.27:112][  0]LogD3D11RHI: D3D11 min allowed feature level: 11_0
[2022.03.24-16.20.27:112][  0]LogD3D11RHI: D3D11 max allowed feature level: 11_0
[2022.03.24-16.20.27:112][  0]LogD3D11RHI: D3D11 adapters:
[2022.03.24-16.20.27:216][  0]LogD3D11RHI:    0. 'NVIDIA GeForce GTX 1660 Ti' (Feature Level 11_0)
[2022.03.24-16.20.27:216][  0]LogD3D11RHI:       5991/0/8162 MB DedicatedVideo/DedicatedSystem/SharedSystem, Outputs:2, VendorId:0x10de
[2022.03.24-16.20.27:219][  0]LogD3D11RHI:    1. 'Microsoft Basic Render Driver' (Feature Level 11_0)
[2022.03.24-16.20.27:219][  0]LogD3D11RHI:       0/0/8162 MB DedicatedVideo/DedicatedSystem/SharedSystem, Outputs:0, VendorId:0x1414
[2022.03.24-16.20.27:219][  0]LogD3D11RHI: Chosen D3D11 Adapter:
[2022.03.24-16.20.27:219][  0]LogD3D11RHI:     Description : NVIDIA GeForce GTX 1660 Ti
[2022.03.24-16.20.27:219][  0]LogD3D11RHI:     VendorId    : 10de
[2022.03.24-16.20.27:219][  0]LogD3D11RHI:     DeviceId    : 2182
[2022.03.24-16.20.27:219][  0]LogD3D11RHI:     SubSysId    : 153819da
[2022.03.24-16.20.27:219][  0]LogD3D11RHI:     Revision    : 00a1
[2022.03.24-16.20.27:219][  0]LogD3D11RHI:     DedicatedVideoMemory : 6282018816 bytes
[2022.03.24-16.20.27:219][  0]LogD3D11RHI:     DedicatedSystemMemory : 0 bytes
[2022.03.24-16.20.27:219][  0]LogD3D11RHI:     SharedSystemMemory : 8559364096 bytes
[2022.03.24-16.20.27:219][  0]LogD3D11RHI:     AdapterLuid : 0 55050
[2022.03.24-16.20.27:225][  0]LogD3D11RHI: Creating new Direct3DDevice
[2022.03.24-16.20.27:225][  0]LogD3D11RHI:     GPU DeviceId: 0x2182 (for the marketing name, search the web for "GPU Device Id")
[2022.03.24-16.20.27:225][  0]LogWindows: EnumDisplayDevices:
[2022.03.24-16.20.27:225][  0]LogWindows:    0. 'NVIDIA GeForce GTX 1660 Ti' (P:1 D:1)
[2022.03.24-16.20.27:225][  0]LogWindows:    1. 'NVIDIA GeForce GTX 1660 Ti' (P:0 D:1)
[2022.03.24-16.20.27:225][  0]LogWindows:    2. 'NVIDIA GeForce GTX 1660 Ti' (P:0 D:0)
[2022.03.24-16.20.27:226][  0]LogWindows:    3. 'NVIDIA GeForce GTX 1660 Ti' (P:0 D:0)
[2022.03.24-16.20.27:226][  0]LogWindows: DebugString: FoundDriverCount:4 
[2022.03.24-16.20.27:226][  0]LogD3D11RHI:     Adapter Name: NVIDIA GeForce GTX 1660 Ti
[2022.03.24-16.20.27:226][  0]LogD3D11RHI:   Driver Version: 466.27 (internal:27.21.14.6627, unified:466.27)
[2022.03.24-16.20.27:226][  0]LogD3D11RHI:      Driver Date: 4-23-2021
[2022.03.24-16.20.27:226][  0]LogRHI: Texture pool is 4193 MB (70% of 5991 MB)
[2022.03.24-16.20.27:226][  0]LogD3D11RHI: Creating D3DDevice using adapter:
[2022.03.24-16.20.27:226][  0]LogD3D11RHI:     Description : NVIDIA GeForce GTX 1660 Ti
[2022.03.24-16.20.27:226][  0]LogD3D11RHI:     VendorId    : 10de
[2022.03.24-16.20.27:226][  0]LogD3D11RHI:     DeviceId    : 2182
[2022.03.24-16.20.27:226][  0]LogD3D11RHI:     SubSysId    : 153819da
[2022.03.24-16.20.27:226][  0]LogD3D11RHI:     Revision    : 00a1
[2022.03.24-16.20.27:226][  0]LogD3D11RHI:     DedicatedVideoMemory : 6282018816 bytes
[2022.03.24-16.20.27:226][  0]LogD3D11RHI:     DedicatedSystemMemory : 0 bytes
[2022.03.24-16.20.27:226][  0]LogD3D11RHI:     SharedSystemMemory : 8559364096 bytes
[2022.03.24-16.20.27:226][  0]LogD3D11RHI:     AdapterLuid : 0 55050
[2022.03.24-16.20.27:320][  0]LogD3D11RHI: RHI has support for 64 bit atomics
[2022.03.24-16.20.27:320][  0]LogD3D11RHI: Async texture creation enabled
[2022.03.24-16.20.27:320][  0]LogD3D11RHI: Array index from any shader is supported
[2022.03.24-16.20.27:346][  0]LogD3D11RHI: GPU Timing Frequency: 1000.000000 (Debug: 2 1)
[2022.03.24-16.20.27:451][  0]LogRHI: GeForceNow SDK initialized: 1
[2022.03.24-16.20.27:451][  0]LogRendererCore: Ray tracing is disabled. Reason: r.RayTracing=0.
[2022.03.24-16.20.27:454][  0]LogShaderLibrary: Display: Using ../../../IRAIRABirdman/Content/ShaderArchive-Global-PCD3D_SM5.ushaderbytecode for material shader code. Total 1951 unique shaders.
[2022.03.24-16.20.27:454][  0]LogShaderLibrary: Display: Cooked Context: Using Shared Shader Library Global
[2022.03.24-16.20.27:454][  0]LogShaderLibrary: Display: Logical shader library 'Global' has been created, components 1
[2022.03.24-16.20.27:454][  0]LogTemp: Warning: Clearing the OS Cache
[2022.03.24-16.20.27:454][  0]LogODSC: ODSC Thread active.
[2022.03.24-16.20.27:456][  0]LogPakFile: New pak file ../../../IRAIRABirdman/Content/Paks/IRAIRABirdman-WindowsNoEditor.pak added to pak precacher.
[2022.03.24-16.20.27:473][  0]LogSlate: Using FreeType 2.10.0
[2022.03.24-16.20.27:473][  0]LogSlate: SlateFontServices - WITH_FREETYPE: 1, WITH_HARFBUZZ: 1
[2022.03.24-16.20.27:567][  0]LogShaderLibrary: Display: Using ../../../IRAIRABirdman/Content/ShaderArchive-IRAIRABirdman-PCD3D_SM5.ushaderbytecode for material shader code. Total 1572 unique shaders.
[2022.03.24-16.20.27:567][  0]LogShaderLibrary: Display: Cooked Context: Using Shared Shader Library IRAIRABirdman
[2022.03.24-16.20.27:567][  0]LogShaderLibrary: Display: Logical shader library 'IRAIRABirdman' has been created, components 1
[2022.03.24-16.20.27:567][  0]LogRHI: Display: Opened pipeline cache after state change and enqueued 0 of 0 tasks for precompile.
[2022.03.24-16.20.27:567][  0]LogShaderLibrary: Display: Using ../../../IRAIRABirdman/Content/ShaderArchive-IRAIRABirdman-PCD3D_SM5.ushaderbytecode for material shader code. Total 1572 unique shaders.
[2022.03.24-16.20.27:567][  0]LogShaderLibrary: Display: Cooked Context: Using Shared Shader Library IRAIRABirdman
[2022.03.24-16.20.27:567][  0]LogRHI: Display: Opened pipeline cache after state change and enqueued 0 of 0 tasks for precompile.
[2022.03.24-16.20.27:567][  0]LogRHI: Display: Failed to open default shader pipeline cache for IRAIRABirdman using shader platform 0.
[2022.03.24-16.20.27:567][  0]LogInit: Using OS detected language (ja-JP).
[2022.03.24-16.20.27:567][  0]LogInit: Using OS detected locale (ja-JP).
[2022.03.24-16.20.27:568][  0]LogTextLocalizationManager: No localization for 'ja-JP' exists, so 'en' will be used for the language.
[2022.03.24-16.20.27:568][  0]LogTextLocalizationManager: No localization for 'ja-JP' exists, so 'en' will be used for the locale.
[2022.03.24-16.20.27:569][  0]LogAssetRegistry: FAssetRegistry took 0.0007 seconds to start up
[2022.03.24-16.20.27:634][  0]LogTextLocalizationManager: Compacting localization data took   0.91ms
[2022.03.24-16.20.27:634][  0]LogStreaming: Display: FlushAsyncLoading: 1 QueuedPackages, 0 AsyncPackages
[2022.03.24-16.20.27:635][  0]LogPackageLocalizationCache: Processed 26 localized package path(s) for 1 prioritized culture(s) in 0.000096 seconds
[2022.03.24-16.20.27:640][  0]LogSerialization: Display: AllowBulkDataInIoStore: 'true'
[2022.03.24-16.20.27:640][  0]LogInit: Selected Device Profile: [WindowsNoEditor]
[2022.03.24-16.20.27:641][  0]LogInit: Active device profile: [00000140CF5513C0][00000140BEE00010 49] WindowsNoEditor
[2022.03.24-16.20.27:641][  0]LogInit: Profiles: [00000140CF5516C0][00000140CECDB6E0 49] Windows, [00000140CF5513C0][00000140BEE00010 49] WindowsNoEditor, 
[2022.03.24-16.20.27:781][  0]LogNetVersion: IRAIRABirdman 1.0.0, NetCL: 17155196, EngineNetVer: 17, GameNetVer: 0 (Checksum: 1043491867)
[2022.03.24-16.20.27:904][  0]LogAudioCaptureCore: Display: No Audio Capture implementations found. Audio input will be silent.
[2022.03.24-16.20.27:904][  0]LogAudioCaptureCore: Display: No Audio Capture implementations found. Audio input will be silent.
[2022.03.24-16.20.27:904][  0]LogHMD: PokeAHoleMaterial loaded successfully
[2022.03.24-16.20.27:973][  0]LogMoviePlayer: Initializing movie player
[2022.03.24-16.20.27:973][  0]LogNiagaraDebuggerClient: Niagara Debugger Client Initialized | Session: 205097514130FCA8EBE027825611FCE8 | Instance: 86064F604CAD668AAEF4FAAA5CABA8A1 (DESKTOP-LGDR8J9-19388).
[2022.03.24-16.20.27:974][  0]LogAndroidPermission: UAndroidPermissionCallbackProxy::GetInstance
[2022.03.24-16.20.27:975][  0]LogOcInput: OculusInput pre-init called
[2022.03.24-16.20.27:979][  0]LogUObjectArray: 15901 objects as part of root set at end of initial load.
[2022.03.24-16.20.27:979][  0]LogUObjectArray: 2 objects are not in the root set, but can never be destroyed because they are in the DisregardForGC set.
[2022.03.24-16.20.27:979][  0]LogUObjectAllocator: 3263512 out of 0 bytes used by permanent object pool.
[2022.03.24-16.20.27:979][  0]LogUObjectArray: CloseDisregardForGC: 15901/15901 objects in disregard for GC pool
[2022.03.24-16.20.27:981][  0]LogEngine: Initializing Engine...
[2022.03.24-16.20.28:042][  0]LogHMD: Failed to enumerate extensions. Please check that you have a valid OpenXR runtime installed.
[2022.03.24-16.20.28:043][  0]LogHMD: Failed to initialize OpenVR with code 110
[2022.03.24-16.20.28:044][  0]LogStats: UGameplayTagsManager::InitializeManager -  0.000 s
[2022.03.24-16.20.28:229][  0]LogInit: Initializing FReadOnlyCVARCache
[2022.03.24-16.20.28:229][  0]LogAudio: Display: Initializing Audio Device Manager...
[2022.03.24-16.20.28:229][  0]LogAudio: Display: Loading Default Audio Settings Objects...
[2022.03.24-16.20.28:229][  0]LogAudio: Display: No default SoundConcurrencyObject specified (or failed to load).
[2022.03.24-16.20.28:229][  0]LogAudio: Display: Audio Device Manager Initialized
[2022.03.24-16.20.28:229][  0]LogAudio: Display: Creating Audio Device:                 Id: 1, Scope: Shared, Realtime: True
[2022.03.24-16.20.28:229][  0]LogAudioMixer: Display: Audio Mixer Platform Settings:
[2022.03.24-16.20.28:229][  0]LogAudioMixer: Display: 	Sample Rate:						  48000
[2022.03.24-16.20.28:229][  0]LogAudioMixer: Display: 	Callback Buffer Frame Size Requested: 1024
[2022.03.24-16.20.28:229][  0]LogAudioMixer: Display: 	Callback Buffer Frame Size To Use:	  1024
[2022.03.24-16.20.28:229][  0]LogAudioMixer: Display: 	Number of buffers to queue:			  2
[2022.03.24-16.20.28:229][  0]LogAudioMixer: Display: 	Max Channels (voices):				  32
[2022.03.24-16.20.28:229][  0]LogAudioMixer: Display: 	Number of Async Source Workers:		  0
[2022.03.24-16.20.28:229][  0]LogAudio: Display: AudioDevice MaxSources: 32
[2022.03.24-16.20.28:230][  0]LogAudio: Display: Audio Spatialization Plugin: None (built-in).
[2022.03.24-16.20.28:230][  0]LogAudio: Display: Audio Reverb Plugin: None (built-in).
[2022.03.24-16.20.28:230][  0]LogAudio: Display: Audio Occlusion Plugin: None (built-in).
[2022.03.24-16.20.28:230][  0]LogAudioMixer: Display: Initializing audio mixer.
[2022.03.24-16.20.28:374][  0]LogAudioDebug: Display: Lib vorbis DLL was dynamically loaded.
[2022.03.24-16.20.28:381][  0]LogAudioMixer: Display: 0: FrontLeft
[2022.03.24-16.20.28:381][  0]LogAudioMixer: Display: 1: FrontRight
[2022.03.24-16.20.28:419][  0]LogAudioMixer: Display: Using Audio Device スピーカー (Realtek(R) Audio)
[2022.03.24-16.20.28:420][  0]LogAudioMixer: Display: Initializing Sound Submixes...
[2022.03.24-16.20.28:420][  0]LogAudioMixer: Display: Creating Master Submix 'MasterSubmixDefault'
[2022.03.24-16.20.28:421][  0]LogAudioMixer: Display: Creating Master Submix 'MasterReverbSubmixDefault'
[2022.03.24-16.20.28:421][  0]LogAudioMixer: Display: Creating Master Submix 'MasterEQSubmixDefault'
[2022.03.24-16.20.28:421][  0]LogAudioMixer: FMixerPlatformXAudio2::StartAudioStream() called
[2022.03.24-16.20.28:421][  0]LogAudioMixer: Display: Output buffers initialized: Frames=1024, Channels=2, Samples=2048
[2022.03.24-16.20.28:422][  0]LogAudioMixer: Display: Starting AudioMixerPlatformInterface::RunInternal()
[2022.03.24-16.20.28:422][  0]LogAudioMixer: Display: FMixerPlatformXAudio2::SubmitBuffer() called for the first time
[2022.03.24-16.20.28:422][  0]LogInit: FAudioDevice initialized.
[2022.03.24-16.20.28:422][  0]LogNetVersion: Set ProjectVersion to 1.0.0.0. Version Checksum will be recalculated on next use.
[2022.03.24-16.20.28:422][  0]LogInit: Texture streaming: Enabled
[2022.03.24-16.20.28:605][  0]LogAudio: Display: Audio Device (ID: 1) registered with world 'Untitled'.
[2022.03.24-16.20.28:605][  0]LogSlate: Updating window title bar state: overlay mode, drag disabled, window buttons hidden, title bar hidden
[2022.03.24-16.20.28:606][  0]LogInit: Display: Game Engine Initialized.
[2022.03.24-16.20.28:607][  0]LogInit: Display: Starting Game.
[2022.03.24-16.20.28:607][  0]LogNet: Browse: /Game/Maps/Title?Name=Player
[2022.03.24-16.20.28:607][  0]LogLoad: LoadMap: /Game/Maps/Title?Name=Player
[2022.03.24-16.20.28:607][  0]LogWorld: BeginTearingDown for /Temp/Untitled_0
[2022.03.24-16.20.28:609][  0]LogWorld: UWorld::CleanupWorld for Untitled, bSessionEnded=true, bCleanupResources=true
[2022.03.24-16.20.28:609][  0]LogSlate: InvalidateAllWidgets triggered.  All widgets were invalidated
[2022.03.24-16.20.28:611][  0]LogAudio: Display: Audio Device unregistered from world 'None'.
[2022.03.24-16.20.28:613][  0]LogUObjectHash: Compacting FUObjectHashTables data took   0.93ms
[2022.03.24-16.20.28:623][  0]LogAudio: Display: Audio Device (ID: 1) registered with world 'Title'.
[2022.03.24-16.20.28:624][  0]LogAIModule: Creating AISystem for world Title
[2022.03.24-16.20.28:625][  0]LogLoad: Game class is 'BP_TitleGameMode_C'
[2022.03.24-16.20.28:628][  0]LogWorld: Bringing World /Game/Maps/Title.Title up for play (max tick rate 0) at 2022.03.25-01.20.28
[2022.03.24-16.20.28:628][  0]LogWorld: Bringing up level for play took: 0.002589
[2022.03.24-16.20.28:655][  0]LogViewport: Display: Viewport MouseLockMode Changed, LockOnCapture -> DoNotLock
[2022.03.24-16.20.28:655][  0]LogViewport: Display: Viewport HideCursorDuringCapture Changed, False -> True
[2022.03.24-16.20.28:655][  0]LogViewport: Display: Viewport MouseCaptureMode Changed, CapturePermanently_IncludingInitialMouseDown -> CaptureDuringMouseDown
[2022.03.24-16.20.28:655][  0]LogLoad: Took 0.048156 seconds to LoadMap(/Game/Maps/Title)
[2022.03.24-16.20.28:671][  0]LogSlate: Took 0.015608 seconds to synchronously load lazily loaded font '../../../Engine/Content/EngineFonts/Faces/RobotoBold.ufont' (160K)
[2022.03.24-16.20.28:760][  0]LogSlate: Took 0.089589 seconds to synchronously load lazily loaded font '../../../Engine/Content/EngineFonts/Faces/RobotoRegular.ufont' (155K)
[2022.03.24-16.20.28:774][  0]LogSlate: Took 0.013817 seconds to synchronously load lazily loaded font '../../../Engine/Content/EngineFonts/Faces/DroidSansFallback.ufont' (3848K)
[2022.03.24-16.20.28:828][  0]LogSlate: Took 0.000267 seconds to synchronously load lazily loaded font '../../../Engine/Content/Slate/Fonts/Roboto-Regular.ttf' (155K)
[2022.03.24-16.20.28:858][  0]LogRenderer: Reallocating scene render targets to support 1920x1080 Format 10 NumSamples 1 (Frame:1).
[2022.03.24-16.20.28:858][  0]LogRHI: Display: ShaderPipelineCache: Paused Batching. 1
[2022.03.24-16.20.28:858][  0]LogPakFile: AllPaks IndexSizes: DirectoryHashSize=217840, PathHashSize=16, EntriesSize=32752, TotalSize=250608
[2022.03.24-16.20.28:858][  0]LogRHI: Display: ShaderPipelineCache: Resumed Batching. 0
[2022.03.24-16.20.28:858][  0]LogRHI: Display: ShaderPipelineCache: Batching Resumed.
[2022.03.24-16.20.28:858][  0]LogInit: Display: Engine is initialized. Leaving FEngineLoop::Init()
[2022.03.24-16.20.28:858][  0]LogLoad: (Engine Initialization) Total time: 2.97 seconds
[2022.03.24-16.20.28:866][  0]LogContentStreaming: Texture pool size now 1000 MB
[2022.03.24-16.20.30:622][237]LogViewport: Display: Viewport MouseLockMode Changed, DoNotLock -> LockOnCapture
[2022.03.24-16.20.30:622][237]LogViewport: Display: Viewport MouseCaptureMode Changed, CaptureDuringMouseDown -> CapturePermanently
[2022.03.24-16.20.30:622][237]LogNet: Browse: /Game/Maps/Tutorial
[2022.03.24-16.20.30:622][237]LogLoad: LoadMap: /Game/Maps/Tutorial
[2022.03.24-16.20.30:622][237]LogWorld: BeginTearingDown for /Game/Maps/Title
[2022.03.24-16.20.30:622][237]LogWorld: UWorld::CleanupWorld for Title, bSessionEnded=true, bCleanupResources=true
[2022.03.24-16.20.30:623][237]LogSlate: InvalidateAllWidgets triggered.  All widgets were invalidated
[2022.03.24-16.20.30:658][237]LogAudio: Display: Audio Device unregistered from world 'None'.
[2022.03.24-16.20.30:660][237]LogUObjectHash: Compacting FUObjectHashTables data took   0.65ms
[2022.03.24-16.20.30:661][237]LogStreaming: Display: FlushAsyncLoading: 1 QueuedPackages, 0 AsyncPackages
[2022.03.24-16.20.30:681][237]LogAudio: Display: Audio Device (ID: 1) registered with world 'Tutorial'.
[2022.03.24-16.20.30:682][237]LogAIModule: Creating AISystem for world Tutorial
[2022.03.24-16.20.30:682][237]LogLoad: Game class is 'BP_IRAIRABirdmanGameModeBase_C'
[2022.03.24-16.20.30:683][237]LogWorld: Bringing World /Game/Maps/Tutorial.Tutorial up for play (max tick rate 0) at 2022.03.25-01.20.30
[2022.03.24-16.20.30:684][237]LogWorld: Bringing up level for play took: 0.000672
[2022.03.24-16.20.30:716][237]LogLoad: Took 0.094546 seconds to LoadMap(/Game/Maps/Tutorial)
[2022.03.24-16.20.32:313][521]LogViewport: Display: Viewport MouseLockMode Changed, LockOnCapture -> DoNotLock
[2022.03.24-16.20.32:313][521]LogViewport: Display: Viewport MouseCaptureMode Changed, CapturePermanently -> CaptureDuringMouseDown
[2022.03.24-16.20.33:188][677]Closing by request
[2022.03.24-16.20.33:188][677]LogWindows: FPlatformMisc::RequestExit(0)
[2022.03.24-16.20.33:188][677]LogWindows: FPlatformMisc::RequestExitWithStatus(0, 0)
[2022.03.24-16.20.33:188][677]LogCore: Engine exit requested (reason: Win RequestExit)
[2022.03.24-16.20.33:194][678]LogCore: Engine exit requested (reason: EngineExit() was called; note: exit was already requested)
[2022.03.24-16.20.33:194][678]LogInit: Display: PreExit Game.
[2022.03.24-16.20.33:308][678]LogWorld: BeginTearingDown for /Game/Maps/Tutorial
[2022.03.24-16.20.33:308][678]LogWorld: UWorld::CleanupWorld for Tutorial, bSessionEnded=true, bCleanupResources=true
[2022.03.24-16.20.33:308][678]LogSlate: InvalidateAllWidgets triggered.  All widgets were invalidated
[2022.03.24-16.20.34:050][678]LogAudio: Display: Beginning Audio Device Manager Shutdown (Module: AudioMixerXAudio2)...
[2022.03.24-16.20.34:050][678]LogAudio: Display: Destroying 1 Remaining Audio Device(s)...
[2022.03.24-16.20.34:050][678]LogAudio: Display: Audio Device unregistered from world 'Tutorial'.
[2022.03.24-16.20.34:082][678]LogAudioMixer: FMixerPlatformXAudio2::StopAudioStream() called
[2022.03.24-16.20.34:082][678]LogAudioMixer: FMixerPlatformXAudio2::StopAudioStream() called
[2022.03.24-16.20.34:087][678]LogAudio: Display: Audio Device Manager Shutdown
[2022.03.24-16.20.34:087][678]LogSlate: Request Window 'IRAIRABirdman (64-bit Development PCD3D_SM5) ' being destroyed
[2022.03.24-16.20.34:090][678]LogSlate: Window 'IRAIRABirdman (64-bit Development PCD3D_SM5) ' being destroyed
[2022.03.24-16.20.34:148][678]LogExit: Preparing to exit.
[2022.03.24-16.20.34:148][678]LogMoviePlayer: Shutting down movie player
[2022.03.24-16.20.34:151][678]LogSlate: Updating window title bar state: overlay mode, drag disabled, window buttons hidden, title bar hidden
[2022.03.24-16.20.34:159][678]LogDemo: Cleaned up 0 splitscreen connections with owner deletion
[2022.03.24-16.20.34:160][678]LogExit: Game engine shut down
[2022.03.24-16.20.34:175][678]LogExit: Object subsystem successfully closed.
[2022.03.24-16.20.34:424][678]LogModuleManager: Shutting down and abandoning module AutomationController (360)
[2022.03.24-16.20.34:424][678]LogModuleManager: Shutting down and abandoning module AutomationWorker (358)
[2022.03.24-16.20.34:424][678]LogModuleManager: Shutting down and abandoning module Voice (356)
[2022.03.24-16.20.34:424][678]LogModuleManager: Shutting down and abandoning module AIModule (354)
[2022.03.24-16.20.34:424][678]LogModuleManager: Shutting down and abandoning module GameplayDebugger (353)
[2022.03.24-16.20.34:424][678]LogModuleManager: Shutting down and abandoning module NavigationSystem (351)
[2022.03.24-16.20.34:424][678]LogModuleManager: Shutting down and abandoning module WebMMediaFactory (348)
[2022.03.24-16.20.34:424][678]LogModuleManager: Shutting down and abandoning module WebMMedia (346)
[2022.03.24-16.20.34:424][678]LogModuleManager: Shutting down and abandoning module OpenXRInput (344)
[2022.03.24-16.20.34:424][678]LogModuleManager: Shutting down and abandoning module OculusMR (342)
[2022.03.24-16.20.34:424][678]LogModuleManager: Shutting down and abandoning module WmfMediaFactory (340)
[2022.03.24-16.20.34:424][678]LogModuleManager: Shutting down and abandoning module OpenExrWrapper (338)
[2022.03.24-16.20.34:425][678]LogModuleManager: Shutting down and abandoning module ImgMediaFactory (336)
[2022.03.24-16.20.34:425][678]LogModuleManager: Shutting down and abandoning module AvfMediaFactory (334)
[2022.03.24-16.20.34:425][678]LogModuleManager: Shutting down and abandoning module CharacterAI (332)
[2022.03.24-16.20.34:425][678]LogModuleManager: Shutting down and abandoning module PlanarCut (330)
[2022.03.24-16.20.34:425][678]LogModuleManager: Shutting down and abandoning module SessionServices (328)
[2022.03.24-16.20.34:425][678]LogModuleManager: Shutting down and abandoning module LiveCoding (326)
[2022.03.24-16.20.34:425][678]LogModuleManager: Shutting down and abandoning module LevelSequence (324)
[2022.03.24-16.20.34:425][678]LogModuleManager: Shutting down and abandoning module MovieSceneTracks (322)
[2022.03.24-16.20.34:425][678]LogModuleManager: Shutting down and abandoning module MovieScene (320)
[2022.03.24-16.20.34:425][678]LogModuleManager: Shutting down and abandoning module StreamingPauseRendering (318)
[2022.03.24-16.20.34:425][678]LogModuleManager: Shutting down and abandoning module AudioMixerXAudio2 (316)
[2022.03.24-16.20.34:425][678]LogModuleManager: Shutting down and abandoning module AudioMixerCore (315)
[2022.03.24-16.20.34:425][678]LogModuleManager: Shutting down and abandoning module ImageWriteQueue (312)
[2022.03.24-16.20.34:426][678]LogModuleManager: Shutting down and abandoning module ProfilerService (310)
[2022.03.24-16.20.34:493][678]LogModuleManager: Shutting down and abandoning module TaskGraph (308)
[2022.03.24-16.20.34:493][678]LogModuleManager: Shutting down and abandoning module Synthesis (306)
[2022.03.24-16.20.34:493][678]LogModuleManager: Shutting down and abandoning module TakeMovieScene (304)
[2022.03.24-16.20.34:493][678]LogModuleManager: Shutting down and abandoning module LiveLinkMovieScene (302)
[2022.03.24-16.20.34:493][678]LogModuleManager: Shutting down and abandoning module LiveLinkComponents (300)
[2022.03.24-16.20.34:493][678]LogModuleManager: Shutting down and abandoning module LiveLink (298)
[2022.03.24-16.20.34:980][678]LogModuleManager: Shutting down and abandoning module OculusInput (296)
[2022.03.24-16.20.34:980][678]LogModuleManager: Shutting down and abandoning module MobilePatchingUtils (294)
[2022.03.24-16.20.34:980][678]LogModuleManager: Shutting down and abandoning module GooglePAD (292)
[2022.03.24-16.20.34:980][678]LogModuleManager: Shutting down and abandoning module CustomMeshComponent (290)
[2022.03.24-16.20.34:980][678]LogModuleManager: Shutting down and abandoning module CableComponent (288)
[2022.03.24-16.20.34:980][678]LogModuleManager: Shutting down and abandoning module AudioCapture (286)
[2022.03.24-16.20.34:980][678]LogModuleManager: Shutting down and abandoning module AudioCaptureRtAudio (285)
[2022.03.24-16.20.34:980][678]LogModuleManager: Shutting down and abandoning module AssetTags (282)
[2022.03.24-16.20.34:980][678]LogModuleManager: Shutting down and abandoning module ArchVisCharacter (280)
[2022.03.24-16.20.34:980][678]LogModuleManager: Shutting down and abandoning module AppleImageUtils (278)
[2022.03.24-16.20.34:980][678]LogModuleManager: Shutting down and abandoning module AndroidPermission (276)
[2022.03.24-16.20.34:980][678]LogModuleManager: Shutting down and abandoning module ActorLayerUtilities (274)
[2022.03.24-16.20.34:980][678]LogModuleManager: Shutting down and abandoning module MediaCompositing (272)
[2022.03.24-16.20.34:980][678]LogModuleManager: Shutting down and abandoning module ImgMedia (270)
[2022.03.24-16.20.34:980][678]LogModuleManager: Shutting down and abandoning module MagicLeapLightEstimation (268)
[2022.03.24-16.20.34:980][678]LogModuleManager: Shutting down and abandoning module MagicLeapHelperVulkan (266)
[2022.03.24-16.20.34:980][678]LogModuleManager: Shutting down and abandoning module MagicLeapHelperOpenGL (264)
[2022.03.24-16.20.34:980][678]LogModuleManager: Shutting down and abandoning module MagicLeapAudio (262)
[2022.03.24-16.20.34:980][678]LogModuleManager: Shutting down and abandoning module MagicLeapSharedWorld (260)
[2022.03.24-16.20.34:980][678]LogModuleManager: Shutting down and abandoning module OpenImageDenoise (258)
[2022.03.24-16.20.34:980][678]LogModuleManager: Shutting down and abandoning module MotoSynth (256)
[2022.03.24-16.20.34:980][678]LogModuleManager: Shutting down and abandoning module ChaosNiagara (254)
[2022.03.24-16.20.34:980][678]LogModuleManager: Shutting down and abandoning module ProceduralMeshComponent (252)
[2022.03.24-16.20.34:980][678]LogModuleManager: Shutting down and abandoning module GeometryCollectionTracks (250)
[2022.03.24-16.20.34:980][678]LogModuleManager: Shutting down and abandoning module EditableMesh (248)
[2022.03.24-16.20.34:980][678]LogModuleManager: Shutting down and abandoning module MeshConversion (246)
[2022.03.24-16.20.34:980][678]LogModuleManager: Shutting down and abandoning module DynamicMesh (244)
[2022.03.24-16.20.34:980][678]LogModuleManager: Shutting down and abandoning module GeometryAlgorithms (242)
[2022.03.24-16.20.34:980][678]LogModuleManager: Shutting down and abandoning module GeometricObjects (240)
[2022.03.24-16.20.34:980][678]LogModuleManager: Shutting down and abandoning module BackChannel (238)
[2022.03.24-16.20.34:980][678]LogModuleManager: Shutting down and abandoning module AutomationUtils (236)
[2022.03.24-16.20.34:980][678]LogModuleManager: Shutting down and abandoning module GeometryCacheTracks (234)
[2022.03.24-16.20.34:980][678]LogModuleManager: Shutting down and abandoning module GeometryCache (232)
[2022.03.24-16.20.34:980][678]LogModuleManager: Shutting down and abandoning module UObjectPlugin (230)
[2022.03.24-16.20.34:981][678]LogModuleManager: Shutting down and abandoning module OodleNetworkHandlerComponent (228)
[2022.03.24-16.20.34:981][678]LogModuleManager: Shutting down and abandoning module TemplateSequence (226)
[2022.03.24-16.20.34:981][678]LogModuleManager: Shutting down and abandoning module IRAIRABirdman (224)
[2022.03.24-16.20.34:981][678]LogModuleManager: Shutting down and abandoning module AudioSynesthesia (222)
[2022.03.24-16.20.34:981][678]LogModuleManager: Shutting down and abandoning module AudioSynesthesiaCore (220)
[2022.03.24-16.20.34:981][678]LogModuleManager: Shutting down and abandoning module SoundFields (218)
[2022.03.24-16.20.34:981][678]LogModuleManager: Shutting down and abandoning module RuntimePhysXCooking (216)
[2022.03.24-16.20.34:981][678]LogModuleManager: Shutting down and abandoning module LocationServicesBPLibrary (212)
[2022.03.24-16.20.34:981][678]LogModuleManager: Shutting down and abandoning module ActorSequence (210)
[2022.03.24-16.20.34:981][678]LogModuleManager: Shutting down and abandoning module UdpMessaging (208)
[2022.03.24-16.20.34:981][678]LogModuleManager: Shutting down and abandoning module TcpMessaging (206)
[2022.03.24-16.20.34:981][678]LogModuleManager: Shutting down and abandoning module ImgMediaEngine (204)
[2022.03.24-16.20.34:981][678]LogModuleManager: Shutting down and abandoning module MagicLeapHandMeshing (202)
[2022.03.24-16.20.34:981][678]LogModuleManager: Shutting down and abandoning module MagicLeapSecureStorage (200)
[2022.03.24-16.20.34:981][678]LogModuleManager: Shutting down and abandoning module MagicLeapPrivileges (198)
[2022.03.24-16.20.34:981][678]LogModuleManager: Shutting down and abandoning module MagicLeapPlanes (196)
[2022.03.24-16.20.34:981][678]LogModuleManager: Shutting down and abandoning module MagicLeapImageTracker (194)
[2022.03.24-16.20.34:981][678]LogModuleManager: Shutting down and abandoning module MagicLeapIdentity (192)
[2022.03.24-16.20.34:981][678]LogModuleManager: Shutting down and abandoning module MagicLeapHandTracking (190)
[2022.03.24-16.20.34:981][678]LogModuleManager: Shutting down and abandoning module MagicLeapEyeTracker (188)
[2022.03.24-16.20.34:981][678]LogModuleManager: Shutting down and abandoning module MagicLeapController (186)
[2022.03.24-16.20.34:981][678]LogModuleManager: Shutting down and abandoning module MagicLeapARPinImpl (184)
[2022.03.24-16.20.34:981][678]LogModuleManager: Shutting down and abandoning module MagicLeapAR (182)
[2022.03.24-16.20.34:981][678]LogModuleManager: Shutting down and abandoning module MagicLeapARPin (180)
[2022.03.24-16.20.34:981][678]LogModuleManager: Shutting down and abandoning module NiagaraAnimNotifies (178)
[2022.03.24-16.20.34:981][678]LogModuleManager: Shutting down and abandoning module Niagara (176)
[2022.03.24-16.20.34:981][678]LogModuleManager: Shutting down and abandoning module SignalProcessing (175)
[2022.03.24-16.20.34:981][678]LogModuleManager: Shutting down and abandoning module NiagaraCore (172)
[2022.03.24-16.20.34:981][678]LogModuleManager: Shutting down and abandoning module FacialAnimation (170)
[2022.03.24-16.20.34:981][678]LogModuleManager: Shutting down and abandoning module SignificanceManager (168)
[2022.03.24-16.20.34:981][678]LogModuleManager: Shutting down and abandoning module AnimationSharing (166)
[2022.03.24-16.20.34:981][678]LogModuleManager: Shutting down and abandoning module GameplayCameras (164)
[2022.03.24-16.20.34:981][678]LogModuleManager: Shutting down and abandoning module LightPropagationVolumeRuntime (162)
[2022.03.24-16.20.34:981][678]LogModuleManager: Shutting down and abandoning module Paper2D (160)
[2022.03.24-16.20.34:981][678]LogModuleManager: Shutting down and abandoning module WindowsMoviePlayer (158)
[2022.03.24-16.20.34:982][678]LogModuleManager: Shutting down and abandoning module WebMMoviePlayer (156)
[2022.03.24-16.20.34:982][678]LogModuleManager: Shutting down and abandoning module NetworkReplayStreaming (154)
[2022.03.24-16.20.34:982][678]LogModuleManager: Shutting down and abandoning module PacketHandler (152)
[2022.03.24-16.20.34:982][678]LogModuleManager: Shutting down and abandoning module ClothingSystemRuntimeNv (150)
[2022.03.24-16.20.35:008][678]LogModuleManager: Shutting down and abandoning module MediaAssets (148)
[2022.03.24-16.20.35:008][678]LogModuleManager: Shutting down and abandoning module Overlay (146)
[2022.03.24-16.20.35:008][678]LogModuleManager: Shutting down and abandoning module FunctionalTesting (144)
[2022.03.24-16.20.35:008][678]LogModuleManager: Shutting down and abandoning module MessageLog (142)
[2022.03.24-16.20.35:008][678]LogModuleManager: Shutting down and abandoning module UMG (140)
[2022.03.24-16.20.35:008][678]LogModuleManager: Shutting down and abandoning module SlateReflector (138)
[2022.03.24-16.20.35:008][678]LogModuleManager: Shutting down and abandoning module Slate (136)
[2022.03.24-16.20.35:008][678]LogModuleManager: Shutting down and abandoning module SlateCore (134)
[2022.03.24-16.20.35:009][678]LogModuleManager: Shutting down and abandoning module MRMesh (132)
[2022.03.24-16.20.35:009][678]LogModuleManager: Shutting down and abandoning module Messaging (130)
[2022.03.24-16.20.35:009][678]LogModuleManager: Shutting down and abandoning module HeadMountedDisplay (128)
[2022.03.24-16.20.35:009][678]LogModuleManager: Shutting down and abandoning module XAudio2 (126)
[2022.03.24-16.20.35:009][678]LogModuleManager: Shutting down and abandoning module Networking (124)
[2022.03.24-16.20.35:009][678]LogModuleManager: Shutting down and abandoning module Core (122)
[2022.03.24-16.20.35:009][678]LogModuleManager: Shutting down and abandoning module FieldSystemEngine (120)
[2022.03.24-16.20.35:009][678]LogModuleManager: Shutting down and abandoning module ImageWrapper (116)
[2022.03.24-16.20.35:009][678]LogModuleManager: Shutting down and abandoning module D3D11RHI (114)
[2022.03.24-16.20.35:009][678]LogModuleManager: Shutting down and abandoning module InputCore (112)
[2022.03.24-16.20.35:009][678]LogModuleManager: Shutting down and abandoning module Settings (110)
[2022.03.24-16.20.35:009][678]LogModuleManager: Shutting down and abandoning module PhysXCooking (108)
[2022.03.24-16.20.35:009][678]LogModuleManager: Shutting down and abandoning module Chaos (106)
[2022.03.24-16.20.35:009][678]LogModuleManager: Shutting down and abandoning module WindowsPlatformFeatures (104)
[2022.03.24-16.20.35:009][678]LogModuleManager: Shutting down and abandoning module GameplayMediaEncoder (103)
[2022.03.24-16.20.35:009][678]LogModuleManager: Shutting down and abandoning module AVEncoder (102)
[2022.03.24-16.20.35:009][678]LogModuleManager: Shutting down and abandoning module SteamVRInputDevice (98)
[2022.03.24-16.20.35:009][678]LogModuleManager: Shutting down and abandoning module SteamVRInput (96)
[2022.03.24-16.20.35:009][678]LogModuleManager: Shutting down and abandoning module SteamVR (94)
[2022.03.24-16.20.35:009][678]LogHMD: Freeing OpenVRDLLHandle.
[2022.03.24-16.20.35:009][678]LogModuleManager: Shutting down and abandoning module OpenXRHandTracking (92)
[2022.03.24-16.20.35:009][678]LogSlate: Slate User Destroyed.  User Index 0, Is Virtual User: 0
[2022.03.24-16.20.35:009][678]LogModuleManager: Shutting down and abandoning module OpenXRAR (90)
[2022.03.24-16.20.35:009][678]LogModuleManager: Shutting down and abandoning module AugmentedReality (89)
[2022.03.24-16.20.35:010][678]LogModuleManager: Shutting down and abandoning module OpenXRHMD (86)
[2022.03.24-16.20.35:028][678]LogModuleManager: Shutting down and abandoning module OpenXREyeTracker (84)
[2022.03.24-16.20.35:028][678]LogModuleManager: Shutting down and abandoning module OculusHMD (82)
[2022.03.24-16.20.35:028][678]LogModuleManager: Shutting down and abandoning module ExampleDeviceProfileSelector (80)
[2022.03.24-16.20.35:028][678]LogModuleManager: Shutting down and abandoning module ChunkDownloader (78)
[2022.03.24-16.20.35:028][678]LogModuleManager: Shutting down and abandoning module LauncherChunkInstaller (76)
[2022.03.24-16.20.35:028][678]LogModuleManager: Shutting down and abandoning module OnlineSubsystem (72)
[2022.03.24-16.20.35:029][678]LogModuleManager: Shutting down and abandoning module HTTP (67)
[2022.03.24-16.20.35:029][678]LogHttp: Display: cleaning up 0 outstanding Http requests.
[2022.03.24-16.20.35:058][678]LogModuleManager: Shutting down and abandoning module SSL (66)
[2022.03.24-16.20.35:058][678]LogModuleManager: Shutting down and abandoning module WmfMedia (62)
[2022.03.24-16.20.35:059][678]LogModuleManager: Shutting down and abandoning module Media (61)
[2022.03.24-16.20.35:059][678]LogModuleManager: Shutting down and abandoning module MediaInfo (60)
[2022.03.24-16.20.35:059][678]LogModuleManager: Shutting down and abandoning module ExrReaderGpu (56)
[2022.03.24-16.20.35:059][678]LogModuleManager: Shutting down and abandoning module MLSDK (54)
[2022.03.24-16.20.35:059][678]LogModuleManager: Shutting down and abandoning module MagicLeap (52)
[2022.03.24-16.20.35:059][678]LogModuleManager: Shutting down and abandoning module NiagaraVertexFactories (50)
[2022.03.24-16.20.35:059][678]LogModuleManager: Shutting down and abandoning module NiagaraShader (48)
[2022.03.24-16.20.35:059][678]LogModuleManager: Shutting down and abandoning module ChaosCloth (46)
[2022.03.24-16.20.35:059][678]LogModuleManager: Shutting down and abandoning module VariantManagerContent (44)
[2022.03.24-16.20.35:059][678]LogModuleManager: Shutting down and abandoning module DatasmithContent (42)
[2022.03.24-16.20.35:059][678]LogModuleManager: Shutting down and abandoning module PixWinPlugin (40)
[2022.03.24-16.20.35:059][678]LogModuleManager: Shutting down and abandoning module AISupportModule (38)
[2022.03.24-16.20.35:059][678]LogModuleManager: Shutting down and abandoning module PlatformCryptoOpenSSL (36)
[2022.03.24-16.20.35:059][678]LogModuleManager: Shutting down and abandoning module PlatformCryptoTypes (34)
[2022.03.24-16.20.35:059][678]LogModuleManager: Shutting down and abandoning module PlatformCrypto (32)
[2022.03.24-16.20.35:059][678]LogModuleManager: Shutting down and abandoning module PythonScriptPluginPreload (30)
[2022.03.24-16.20.35:059][678]LogModuleManager: Shutting down and abandoning module OodleDataCompressionFormat (28)
[2022.03.24-16.20.35:059][678]LogModuleManager: Shutting down and abandoning module RenderCore (26)
[2022.03.24-16.20.35:059][678]LogModuleManager: Shutting down and abandoning module Landscape (24)
[2022.03.24-16.20.35:059][678]LogModuleManager: Shutting down and abandoning module SlateRHIRenderer (22)
[2022.03.24-16.20.35:060][678]LogModuleManager: Shutting down and abandoning module AnimGraphRuntime (20)
[2022.03.24-16.20.35:060][678]LogModuleManager: Shutting down and abandoning module Renderer (18)
[2022.03.24-16.20.35:060][678]LogModuleManager: Shutting down and abandoning module Engine (16)
[2022.03.24-16.20.35:060][678]LogModuleManager: Shutting down and abandoning module CoreUObject (14)
[2022.03.24-16.20.35:060][678]LogModuleManager: Shutting down and abandoning module NetworkFile (12)
[2022.03.24-16.20.35:060][678]LogModuleManager: Shutting down and abandoning module CookedIterativeFile (10)
[2022.03.24-16.20.35:060][678]LogModuleManager: Shutting down and abandoning module StreamingFile (8)
[2022.03.24-16.20.35:060][678]LogModuleManager: Shutting down and abandoning module SandboxFile (6)
[2022.03.24-16.20.35:060][678]LogModuleManager: Shutting down and abandoning module PakFile (4)
[2022.03.24-16.20.35:061][678]LogModuleManager: Shutting down and abandoning module RSA (3)
[2022.03.24-16.20.35:061][678]LogContentStreaming: Display: There are 1 unreleased StreamingManagers
[2022.03.24-16.20.35:066][678]LogD3D11RHI: Shutdown
[2022.03.24-16.20.35:066][678]LogD3D11RHI: CleanupD3DDevice
[2022.03.24-16.20.35:068][678]LogExit: Exiting.
[2022.03.24-16.20.35:110][678]Log file closed, 03/25/22 01:20:35
